<?xml version="1.0" encoding="UTF-8"?>
<!-- Generated by org.testng.reporters.JUnitReportReporter -->
<testsuite skipped="0" hostname="DESKTOP-8TEK4QR" name="com.training.functional.medium.tests.ELTC_054" tests="1" failures="0" timestamp="29 Jan 2019 06:33:38 GMT" time="57.797" errors="0">
  <testcase name="generatereportonteachers" time="57.797" classname="com.training.functional.medium.tests.ELTC_054"/>
</testsuite> <!-- com.training.functional.medium.tests.ELTC_054 -->
