<?xml version="1.0" encoding="UTF-8"?>
<!-- Generated by org.testng.reporters.JUnitReportReporter -->
<testsuite skipped="0" hostname="DESKTOP-8TEK4QR" name="com.training.functional.simple.tests.ELTC_022" tests="1" failures="0" timestamp="06 Feb 2019 15:05:02 GMT" time="42.636" errors="0">
  <testcase name="newcoursecreation" time="42.636" classname="com.training.functional.simple.tests.ELTC_022"/>
</testsuite> <!-- com.training.functional.simple.tests.ELTC_022 -->
