<?xml version="1.0" encoding="UTF-8"?>
<!-- Generated by org.testng.reporters.JUnitReportReporter -->
<testsuite skipped="0" hostname="DESKTOP-8TEK4QR" name="com.training.functional.medium.tests.ELTC_051" tests="1" failures="0" timestamp="28 Jan 2019 07:03:24 GMT" time="44.569" errors="0">
  <testcase name="modifyuserdetails" time="44.569" classname="com.training.functional.medium.tests.ELTC_051"/>
</testsuite> <!-- com.training.functional.medium.tests.ELTC_051 -->
