<?xml version="1.0" encoding="UTF-8"?>
<!-- Generated by org.testng.reporters.JUnitReportReporter -->
<testsuite skipped="0" hostname="DESKTOP-8TEK4QR" name="com.training.functional.complex.tests.Endtoendforteacherandstud_ELTC_082" tests="6" failures="0" timestamp="13 Feb 2019 12:29:12 GMT" time="99.234" errors="0">
  <testcase name="loginasteacher" time="5.064" classname="com.training.functional.complex.tests.Endtoendforteacherandstud_ELTC_082"/>
  <testcase name="createtest" time="43.819" classname="com.training.functional.complex.tests.Endtoendforteacherandstud_ELTC_082"/>
  <testcase name="loginasstudent" time="2.456" classname="com.training.functional.complex.tests.Endtoendforteacherandstud_ELTC_082"/>
  <testcase name="taketestasstudent" time="26.396" classname="com.training.functional.complex.tests.Endtoendforteacherandstud_ELTC_082"/>
  <testcase name="loginagainasteacher" time="2.422" classname="com.training.functional.complex.tests.Endtoendforteacherandstud_ELTC_082"/>
  <testcase name="generatereportasteacher" time="19.077" classname="com.training.functional.complex.tests.Endtoendforteacherandstud_ELTC_082"/>
</testsuite> <!-- com.training.functional.complex.tests.Endtoendforteacherandstud_ELTC_082 -->
