<?xml version="1.0" encoding="UTF-8"?>
<!-- Generated by org.testng.reporters.JUnitReportReporter -->
<testsuite skipped="0" hostname="DESKTOP-8TEK4QR" name="com.training.sanity.tests.LoginTests" tests="1" failures="0" timestamp="25 Jan 2019 04:43:53 GMT" time="17.681" errors="0">
  <testcase name="validLoginTest" time="17.681" classname="com.training.sanity.tests.LoginTests"/>
</testsuite> <!-- com.training.sanity.tests.LoginTests -->
