<?xml version="1.0" encoding="UTF-8"?>
<!-- Generated by org.testng.reporters.JUnitReportReporter -->
<testsuite skipped="0" hostname="DESKTOP-8TEK4QR" name="com.training.functional.medium.tests.Createtrainingsession" tests="1" failures="0" timestamp="06 Feb 2019 06:44:19 GMT" time="60.074" errors="0">
  <testcase name="createtrainingsession" time="60.074" classname="com.training.functional.medium.tests.Createtrainingsession"/>
</testsuite> <!-- com.training.functional.medium.tests.Createtrainingsession -->
