<?xml version="1.0" encoding="UTF-8"?>
<!-- Generated by org.testng.reporters.JUnitReportReporter -->
<testsuite skipped="0" hostname="DESKTOP-8TEK4QR" name="com.training.functional.tests.Deletecourse_courselist" tests="1" failures="0" timestamp="24 Jan 2019 13:05:11 GMT" time="30.350" errors="0">
  <testcase name="deletecourselist" time="30.350" classname="com.training.functional.tests.Deletecourse_courselist"/>
</testsuite> <!-- com.training.functional.tests.Deletecourse_courselist -->
