<?xml version="1.0" encoding="UTF-8"?>
<!-- Generated by org.testng.reporters.JUnitReportReporter -->
<testsuite skipped="0" hostname="DESKTOP-8TEK4QR" name="com.training.functional.medium.tests.ELTC_055" tests="1" failures="0" timestamp="06 Feb 2019 05:47:05 GMT" time="68.787" errors="0">
  <testcase name="generatereportonteachers" time="68.787" classname="com.training.functional.medium.tests.ELTC_055"/>
</testsuite> <!-- com.training.functional.medium.tests.ELTC_055 -->
