<?xml version="1.0" encoding="UTF-8"?>
<!-- Generated by org.testng.reporters.JUnitReportReporter -->
<testsuite skipped="0" hostname="DESKTOP-8TEK4QR" name="com.training.functional.tests.ELTC_025" tests="1" failures="0" timestamp="24 Jan 2019 11:44:34 GMT" time="32.299" errors="0">
  <testcase name="addcategory" time="32.299" classname="com.training.functional.tests.ELTC_025"/>
</testsuite> <!-- com.training.functional.tests.ELTC_025 -->
