<?xml version="1.0" encoding="UTF-8"?>
<!-- Generated by org.testng.reporters.JUnitReportReporter -->
<testsuite skipped="0" hostname="DESKTOP-8TEK4QR" name="com.training.functional.medium.tests.ELTC_053" tests="1" failures="0" timestamp="29 Jan 2019 05:58:39 GMT" time="54.703" errors="0">
  <testcase name="modifyuserdetails" time="54.703" classname="com.training.functional.medium.tests.ELTC_053"/>
</testsuite> <!-- com.training.functional.medium.tests.ELTC_053 -->
