<?xml version="1.0" encoding="UTF-8"?>
<!-- Generated by org.testng.reporters.JUnitReportReporter -->
<testsuite skipped="0" hostname="DESKTOP-8TEK4QR" name="com.training.functional.medium.tests.ELTC_052" tests="1" failures="0" timestamp="28 Jan 2019 12:08:29 GMT" time="63.541" errors="0">
  <testcase name="modifyuserdetails" time="63.541" classname="com.training.functional.medium.tests.ELTC_052"/>
</testsuite> <!-- com.training.functional.medium.tests.ELTC_052 -->
