<?xml version="1.0" encoding="UTF-8"?>
<!-- Generated by org.testng.reporters.JUnitReportReporter -->
<testsuite skipped="0" hostname="DESKTOP-8TEK4QR" name="com.training.functional.simple.tests.Createcourse" tests="1" failures="0" timestamp="06 Feb 2019 15:12:10 GMT" time="41.001" errors="0">
  <testcase name="newcoursecreation" time="41.001" classname="com.training.functional.simple.tests.Createcourse"/>
</testsuite> <!-- com.training.functional.simple.tests.Createcourse -->
