<?xml version="1.0" encoding="UTF-8"?>
<!-- Generated by org.testng.reporters.JUnitReportReporter -->
<testsuite skipped="0" hostname="DESKTOP-8TEK4QR" name="com.training.functional.tests.ELTC_023" tests="1" failures="0" timestamp="24 Jan 2019 12:20:45 GMT" time="31.587" errors="0">
  <testcase name="addcoursefortheuser" time="31.587" classname="com.training.functional.tests.ELTC_023"/>
</testsuite> <!-- com.training.functional.tests.ELTC_023 -->
