<?xml version="1.0" encoding="UTF-8"?>
<!-- Generated by org.testng.reporters.JUnitReportReporter -->
<testsuite skipped="0" hostname="DESKTOP-8TEK4QR" name="com.training.functional.complex.tests.Databasetest_ELTC_085" tests="3" failures="0" timestamp="16 Feb 2019 17:57:48 GMT" time="17.127" errors="0">
  <testcase name="loginDBTest" time="4.697" classname="com.training.functional.complex.tests.Databasetest_ELTC_085"/>
  <testcase name="createuser" time="9.566" classname="com.training.functional.complex.tests.Databasetest_ELTC_085"/>
  <testcase name="addusertocourse" time="2.864" classname="com.training.functional.complex.tests.Databasetest_ELTC_085"/>
</testsuite> <!-- com.training.functional.complex.tests.Databasetest_ELTC_085 -->
