<?xml version="1.0" encoding="UTF-8"?>
<!-- Generated by org.testng.reporters.JUnitReportReporter -->
<testsuite skipped="0" hostname="DESKTOP-8TEK4QR" name="com.training.functional.tests.ELTC_024" tests="1" failures="0" timestamp="24 Jan 2019 07:25:14 GMT" time="40.079" errors="0">
  <testcase name="addcoursefortheuser" time="40.079" classname="com.training.functional.tests.ELTC_024"/>
</testsuite> <!-- com.training.functional.tests.ELTC_024 -->
