<?xml version="1.0" encoding="UTF-8"?>
<!-- Generated by org.testng.reporters.JUnitReportReporter -->
<testsuite skipped="0" hostname="DESKTOP-8TEK4QR" name="com.training.regression.tests.LoginExcelTest" tests="2" failures="0" timestamp="07 Feb 2019 05:56:31 GMT" time="35.939" errors="0">
  <testcase name="loginDBTest" time="21.046" classname="com.training.regression.tests.LoginExcelTest"/>
  <testcase name="loginDBTest" time="14.893" classname="com.training.regression.tests.LoginExcelTest"/>
</testsuite> <!-- com.training.regression.tests.LoginExcelTest -->
