<?xml version="1.0" encoding="UTF-8"?>
<!-- Generated by org.testng.reporters.JUnitReportReporter -->
<testsuite skipped="0" hostname="DESKTOP-8TEK4QR" name="com.training.functional.complex.tests.Createmultipleusers_ELTC_081" tests="5" failures="0" timestamp="12 Feb 2019 08:13:34 GMT" time="56.963" errors="0">
  <testcase name="loginDBTest" time="5.274" classname="com.training.functional.complex.tests.Createmultipleusers_ELTC_081"/>
  <testcase name="createuser" time="12.429" classname="com.training.functional.complex.tests.Createmultipleusers_ELTC_081"/>
  <testcase name="createuser" time="12.282" classname="com.training.functional.complex.tests.Createmultipleusers_ELTC_081"/>
  <testcase name="createuser" time="14.072" classname="com.training.functional.complex.tests.Createmultipleusers_ELTC_081"/>
  <testcase name="createuser" time="12.906" classname="com.training.functional.complex.tests.Createmultipleusers_ELTC_081"/>
</testsuite> <!-- com.training.functional.complex.tests.Createmultipleusers_ELTC_081 -->
