<?xml version="1.0" encoding="UTF-8"?>
<!-- Generated by org.testng.reporters.JUnitReportReporter -->
<testsuite skipped="0" hostname="DESKTOP-8TEK4QR" name="com.training.functional.complex.tests.Negative_ELTC_083" tests="3" failures="0" timestamp="16 Feb 2019 17:11:36 GMT" time="18.899" errors="0">
  <testcase name="loginDBTest" time="4.355" classname="com.training.functional.complex.tests.Negative_ELTC_083"/>
  <testcase name="createuser" time="7.844" classname="com.training.functional.complex.tests.Negative_ELTC_083"/>
  <testcase name="createuser" time="6.700" classname="com.training.functional.complex.tests.Negative_ELTC_083"/>
</testsuite> <!-- com.training.functional.complex.tests.Negative_ELTC_083 -->
