<?xml version="1.0" encoding="UTF-8"?>
<!-- Generated by org.testng.reporters.JUnitReportReporter -->
<testsuite skipped="0" hostname="DESKTOP-8TEK4QR" name="com.training.functional.complex.tests.Createmultipleusers_ELTC_081" tests="6" failures="0" timestamp="17 Feb 2019 09:21:33 GMT" time="25.821" errors="0">
  <testcase name="loginDBTest" time="4.692" classname="com.training.functional.complex.tests.Createmultipleusers_ELTC_081"/>
  <testcase name="createuser" time="7.494" classname="com.training.functional.complex.tests.Createmultipleusers_ELTC_081"/>
  <testcase name="createuser" time="9.438" classname="com.training.functional.complex.tests.Createmultipleusers_ELTC_081"/>
  <testcase name="clickonaddusertocourse" time="1.845" classname="com.training.functional.complex.tests.Createmultipleusers_ELTC_081"/>
  <testcase name="assigncoursetocreatedusers" time="1.168" classname="com.training.functional.complex.tests.Createmultipleusers_ELTC_081"/>
  <testcase name="assigncoursetocreatedusers" time="1.184" classname="com.training.functional.complex.tests.Createmultipleusers_ELTC_081"/>
</testsuite> <!-- com.training.functional.complex.tests.Createmultipleusers_ELTC_081 -->
